<?xml version="1.0" encoding="UTF-8"?>
<!-- Generated by org.testng.reporters.JUnitXMLReporter -->
<testsuite ignored="0" hostname="kundan" failures="0" tests="4" name="Test" time="5.177" errors="0" timestamp="2021-02-28T13:54:44 IST">
  <testcase classname="customerRegistration.TestInvalidForm" name="testValid" time="0.014"/>
  <testcase classname="customerRegistration.TestInvalidForm" name="testValid" time="0.005"/>
  <testcase classname="customerRegistration.TestInvalidForm" name="testValid" time="0.002"/>
  <testcase classname="customerRegistration.TestInvalidForm" name="testValid" time="0.002"/>
</testsuite> <!-- Test -->
