<?xml version="1.0" encoding="UTF-8"?>
<testng-results ignored="0" total="1" passed="1" failed="0" skipped="0">
  <reporter-output>
  </reporter-output>
  <suite started-at="2021-03-02T16:00:14 IST" name="Default suite" finished-at="2021-03-02T16:02:39 IST" duration-ms="144904">
    <groups>
    </groups>
    <test started-at="2021-03-02T16:00:14 IST" name="Default test" finished-at="2021-03-02T16:02:39 IST" duration-ms="144904">
      <class name="Hackathon.MainProject">
        <test-method is-config="true" signature="cromeBrowser()[pri:0, instance:Hackathon.MainProject@223f3642]" started-at="2021-03-02T16:00:14 IST" name="cromeBrowser" finished-at="2021-03-02T16:00:32 IST" duration-ms="18385" status="PASS">
          <reporter-output>
          </reporter-output>
        </test-method> <!-- cromeBrowser -->
        <test-method signature="create()[pri:0, instance:Hackathon.MainProject@223f3642]" started-at="2021-03-02T16:00:32 IST" name="create" finished-at="2021-03-02T16:02:38 IST" duration-ms="126089" status="PASS">
          <reporter-output>
          </reporter-output>
        </test-method> <!-- create -->
        <test-method is-config="true" signature="close()[pri:0, instance:Hackathon.MainProject@223f3642]" started-at="2021-03-02T16:02:38 IST" name="close" finished-at="2021-03-02T16:02:39 IST" duration-ms="351" status="PASS">
          <reporter-output>
          </reporter-output>
        </test-method> <!-- close -->
      </class> <!-- Hackathon.MainProject -->
    </test> <!-- Default test -->
  </suite> <!-- Default suite -->
</testng-results>
